\BOOKMARK [1][-]{section*.1}{Inneh\345ll}{}% 1
\BOOKMARK [1][-]{section.1}{Inledning}{}% 2
\BOOKMARK [2][-]{subsection.1.1}{Syfte}{section.1}% 3
\BOOKMARK [2][-]{subsection.1.2}{M\345l}{section.1}% 4
\BOOKMARK [2][-]{subsection.1.3}{Arbetsmetod}{section.1}% 5
\BOOKMARK [3][-]{subsubsection.1.3.1}{Undergrupper}{subsection.1.3}% 6
\BOOKMARK [3][-]{subsubsection.1.3.2}{Kommunikation}{subsection.1.3}% 7
\BOOKMARK [3][-]{subsubsection.1.3.3}{M\366ten och arbetstid}{subsection.1.3}% 8
\BOOKMARK [3][-]{subsubsection.1.3.4}{Fildelning och versionshantering}{subsection.1.3}% 9
\BOOKMARK [1][-]{section.2}{Teknisk beskrivning}{}% 10
\BOOKMARK [2][-]{subsection.2.1}{Teknisk bakgrund}{section.2}% 11
\BOOKMARK [2][-]{subsection.2.2}{System\366versikt}{section.2}% 12
\BOOKMARK [2][-]{subsection.2.3}{CAN-kommunikation}{section.2}% 13
\BOOKMARK [3][-]{subsubsection.2.3.1}{Protokoll}{subsection.2.3}% 14
\BOOKMARK [3][-]{subsubsection.2.3.2}{Implementation}{subsection.2.3}% 15
\BOOKMARK [2][-]{subsection.2.4}{Delsystem }{section.2}% 16
\BOOKMARK [3][-]{subsubsection.2.4.1}{Centralenheten}{subsection.2.4}% 17
\BOOKMARK [3][-]{subsubsection.2.4.2}{D\366rrenheten}{subsection.2.4}% 18
\BOOKMARK [3][-]{subsubsection.2.4.3}{R\366relseenheten}{subsection.2.4}% 19
\BOOKMARK [1][-]{section.3}{Metoder}{}% 20
\BOOKMARK [2][-]{subsection.3.1}{Verifikation}{section.3}% 21
\BOOKMARK [2][-]{subsection.3.2}{Programbibliotek}{section.3}% 22
\BOOKMARK [1][-]{section.4}{Resultat}{}% 23
\BOOKMARK [2][-]{subsection.4.1}{D\366rrenheten}{section.4}% 24
\BOOKMARK [2][-]{subsection.4.2}{R\366relseenheten}{section.4}% 25
\BOOKMARK [2][-]{subsection.4.3}{Centralenheten}{section.4}% 26
\BOOKMARK [2][-]{subsection.4.4}{Larmsystemet som helhet}{section.4}% 27
\BOOKMARK [1][-]{section.5}{Slutsats och diskussion}{}% 28
\BOOKMARK [1][-]{section.6}{Referenser}{}% 29
\BOOKMARK [1][-]{section.7}{Bilagor}{}% 30
\BOOKMARK [2][-]{subsection.7.1}{Utf\366rlig beskrivning av meddelandetyper kommunikationsprotokoll}{section.7}% 31
\BOOKMARK [2][-]{subsection.7.2}{Tester}{section.7}% 32
\BOOKMARK [3][-]{subsubsection.7.2.1}{Test av pinnar f\366r d\366rrar}{subsection.7.2}% 33
\BOOKMARK [3][-]{subsubsection.7.2.2}{Test av ID-tilldelning och larm}{subsection.7.2}% 34
