\BOOKMARK [1][-]{section*.1}{Inneh\345ll}{}% 1
\BOOKMARK [1][-]{section.1}{Introduktion}{}% 2
\BOOKMARK [2][-]{subsection.1.1}{Syfte}{section.1}% 3
\BOOKMARK [2][-]{subsection.1.2}{M\345l}{section.1}% 4
\BOOKMARK [2][-]{subsection.1.3}{Arbetsmetod}{section.1}% 5
\BOOKMARK [3][-]{subsubsection.1.3.1}{Subgrupper}{subsection.1.3}% 6
\BOOKMARK [3][-]{subsubsection.1.3.2}{Kommunikation}{subsection.1.3}% 7
\BOOKMARK [3][-]{subsubsection.1.3.3}{M\366ten och arbetstid}{subsection.1.3}% 8
\BOOKMARK [3][-]{subsubsection.1.3.4}{Fildelning och versionshantering}{subsection.1.3}% 9
\BOOKMARK [1][-]{section.2}{Teknisk beskrivning}{}% 10
\BOOKMARK [2][-]{subsection.2.1}{Teknisk bakgrund}{section.2}% 11
\BOOKMARK [2][-]{subsection.2.2}{System\366versikt}{section.2}% 12
\BOOKMARK [2][-]{subsection.2.3}{Delsystem }{section.2}% 13
\BOOKMARK [3][-]{subsubsection.2.3.1}{Centralenheten}{subsection.2.3}% 14
\BOOKMARK [3][-]{subsubsection.2.3.2}{D\366rrenheten}{subsection.2.3}% 15
\BOOKMARK [3][-]{subsubsection.2.3.3}{R\366relseenheten}{subsection.2.3}% 16
\BOOKMARK [2][-]{subsection.2.4}{CAN-kommunikation}{section.2}% 17
\BOOKMARK [3][-]{subsubsection.2.4.1}{Protokoll}{subsection.2.4}% 18
\BOOKMARK [3][-]{subsubsection.2.4.2}{Implementation}{subsection.2.4}% 19
\BOOKMARK [1][-]{section.3}{Metoder}{}% 20
\BOOKMARK [2][-]{subsection.3.1}{Verifikation}{section.3}% 21
\BOOKMARK [2][-]{subsection.3.2}{Programbibliotek}{section.3}% 22
\BOOKMARK [1][-]{section.4}{Resultat och diskussion}{}% 23
\BOOKMARK [1][-]{section.5}{Slutsats}{}% 24
\BOOKMARK [1][-]{section.6}{Referenser}{}% 25
\BOOKMARK [1][-]{section.7}{Bilagor}{}% 26
