\BOOKMARK [1][-]{section*.1}{Inneh\345ll}{}% 1
\BOOKMARK [1][-]{section.1}{Inledning}{}% 2
\BOOKMARK [2][-]{subsection.1.1}{Syfte}{section.1}% 3
\BOOKMARK [2][-]{subsection.1.2}{M\345l}{section.1}% 4
\BOOKMARK [2][-]{subsection.1.3}{Arbetsmetod}{section.1}% 5
\BOOKMARK [2][-]{subsection.1.4}{}{section.1}% 6
\BOOKMARK [2][-]{subsection.1.5}{Verifikation}{section.1}% 7
\BOOKMARK [2][-]{subsection.1.6}{Programbibliotek}{section.1}% 8
\BOOKMARK [3][-]{subsubsection.1.6.1}{Fildelning och versionshantering}{subsection.1.6}% 9
\BOOKMARK [1][-]{section.2}{Teknisk beskrivning}{}% 10
\BOOKMARK [2][-]{subsection.2.1}{Teknisk bakgrund}{section.2}% 11
\BOOKMARK [2][-]{subsection.2.2}{System\366versikt}{section.2}% 12
\BOOKMARK [2][-]{subsection.2.3}{CAN-kommunikation}{section.2}% 13
\BOOKMARK [3][-]{subsubsection.2.3.1}{Beskrivning av CAN-protokollet}{subsection.2.3}% 14
\BOOKMARK [3][-]{subsubsection.2.3.2}{Implementation}{subsection.2.3}% 15
\BOOKMARK [2][-]{subsection.2.4}{USART}{section.2}% 16
\BOOKMARK [2][-]{subsection.2.5}{St\366renhet}{section.2}% 17
\BOOKMARK [2][-]{subsection.2.6}{Delsystem }{section.2}% 18
\BOOKMARK [3][-]{subsubsection.2.6.1}{Centralenheten}{subsection.2.6}% 19
\BOOKMARK [3][-]{subsubsection.2.6.2}{D\366rrenheten}{subsection.2.6}% 20
\BOOKMARK [3][-]{subsubsection.2.6.3}{R\366relseenheten}{subsection.2.6}% 21
\BOOKMARK [1][-]{section.3}{Resultat}{}% 22
\BOOKMARK [2][-]{subsection.3.1}{Centralenheten}{section.3}% 23
\BOOKMARK [2][-]{subsection.3.2}{D\366rrenheten}{section.3}% 24
\BOOKMARK [2][-]{subsection.3.3}{R\366relseenheten}{section.3}% 25
\BOOKMARK [2][-]{subsection.3.4}{Larmsystemet som helhet}{section.3}% 26
\BOOKMARK [1][-]{section.4}{Diskussion och slutsats}{}% 27
\BOOKMARK [1][-]{appendix.A}{Utf\366rlig beskrivning av meddelandetyper kommunikationsprotokoll}{}% 28
\BOOKMARK [1][-]{appendix.B}{Kommandolista f\366r centralenheten}{}% 29
\BOOKMARK [1][-]{appendix.C}{Tester}{}% 30
\BOOKMARK [2][-]{subsection.C.1}{Test av pinnar f\366r d\366rrar}{appendix.C}% 31
\BOOKMARK [2][-]{subsection.C.2}{Porttest r\366relseenheten}{appendix.C}% 32
\BOOKMARK [2][-]{subsection.C.3}{Urkopplingslarm r\366relseenheten}{appendix.C}% 33
\BOOKMARK [2][-]{subsection.C.4}{Test av ID-tilldelning och larm}{appendix.C}% 34
\BOOKMARK [2][-]{subsection.C.5}{Test av lokal drift f\366r d\366rrenhet}{appendix.C}% 35
\BOOKMARK [2][-]{subsection.C.6}{Test av prestanda f\366r D\366rrenheten}{appendix.C}% 36
\BOOKMARK [2][-]{subsection.C.7}{Test av systemet med brus}{appendix.C}% 37
\BOOKMARK [2][-]{subsection.C.8}{Test av \345terspelningsenheten}{appendix.C}% 38
\BOOKMARK [2][-]{subsection.C.9}{\305teruppspelningsattack test}{appendix.C}% 39
